2016-07-22 19:21:26 [INFO] User guest logged in.
2016-07-22 19:29:44 [ERROR] User jedimaster failed to log in!
2016-07-22 19:30:04 [INFO] User guest logged in.
2016-07-22 19:35:21 [ERROR] User wannabejedi failed to log in!
2016-07-22 19:39:41 [ERROR] User jediapprentice failed to log in!
2016-07-22 19:40:25 [ERROR] User mcoyle1 failed to log in!
2016-07-22 19:41:27 [INFO] User guest logged in.
2016-07-22 19:44:49 [INFO] User guest logged in.
2016-07-22 19:45:39 [INFO] User guest logged in.
2016-07-22 19:46:22 [INFO] User guest logged in.
2016-07-22 19:48:09 [ERROR] User Michael failed to log in!
2016-07-22 19:51:12 [ERROR] User Michael failed to log in!
2016-07-22 19:53:30 [INFO] User guest logged in.
2016-07-22 19:59:19 [INFO] User guest logged in.
2016-07-22 20:18:27 [INFO] User guest logged in.
2016-07-22 20:24:10 [INFO] User guest logged in.
2016-07-22 20:29:11 [INFO] User guest logged in.
2016-07-22 20:30:00 [INFO] User guest logged in.
2016-07-22 20:40:59 [INFO] User guest logged in.
2016-07-22 20:47:57 [ERROR] User wrong failed to log in!
2016-07-22 20:49:27 [INFO] User guest logged in.
2016-07-22 20:52:17 [INFO] User guest logged in.
2016-07-22 20:54:21 [INFO] User guest logged in.
2016-07-22 20:55:11 [INFO] User guest logged in.
2016-07-22 20:57:28 [INFO] User guest logged in.
2016-07-22 21:01:23 [INFO] User guest logged in.
2016-07-22 21:07:51 [INFO] User guest logged in.
2016-07-22 21:08:57 [INFO] User guest logged in.
2016-07-22 22:16:21 [INFO] User guest logged in.
